<?xml version="1.0" encoding="UTF-8"?>
<!-- Generated by org.testng.reporters.JUnitReportReporter -->
<testsuite hostname="glados" failures="0" tests="9" name="test.TestDAO" time="1.198" errors="0" timestamp="10 Sep 2020 10:44:47 GMT">
  <testcase classname="test.TestDAO" name="testDelete" time="0.019"/>
  <testcase classname="test.TestDAO" name="testDeleteEx" time="0.000"/>
  <testcase classname="test.TestDAO" name="testUpdateEx" time="0.006"/>
  <testcase classname="test.TestDAO" name="testSave" time="0.013"/>
  <testcase classname="test.TestDAO" name="testGet" time="1.082"/>
  <testcase classname="test.TestDAO" name="testGetNull" time="0.001"/>
  <testcase classname="test.TestDAO" name="testGetAll" time="0.069"/>
  <testcase classname="test.TestDAO" name="testUpdate" time="0.007"/>
  <testcase classname="test.TestDAO" name="testSaveEx" time="0.001"/>
</testsuite> <!-- test.TestDAO -->
